<?xml version="1.0" encoding="UTF-8"?>
<!-- Generated by org.testng.reporters.JUnitReportReporter -->
<testsuite skipped="0" hostname="DESKTOP-5P3DPUL" name="com.crm.organization.CreateOrganizationNameTest" tests="1" failures="0" timestamp="12 Apr 2022 10:22:15 GMT" time="12.266" errors="0">
  <testcase name="CreateOrganizationNameTest" time="12.266" classname="com.crm.organization.CreateOrganizationNameTest"/>
</testsuite> <!-- com.crm.organization.CreateOrganizationNameTest -->
