<?xml version="1.0" encoding="UTF-8"?>
<!-- Generated by org.testng.reporters.JUnitReportReporter -->
<testsuite skipped="0" hostname="DESKTOP-5P3DPUL" name="com.crm.practice.TestNGPracticeTest" tests="3" failures="0" timestamp="12 Apr 2022 07:49:19 GMT" time="0.002" errors="0">
  <testcase name="testNGPracticeTest2" time="0.001" classname="com.crm.practice.TestNGPracticeTest"/>
  <testcase name="testNGPracticeTest1" time="0.000" classname="com.crm.practice.TestNGPracticeTest"/>
  <testcase name="testNGPracticeTest" time="0.001" classname="com.crm.practice.TestNGPracticeTest"/>
</testsuite> <!-- com.crm.practice.TestNGPracticeTest -->
