<?xml version="1.0" encoding="UTF-8"?>
<!-- Generated by org.testng.reporters.JUnitReportReporter -->
<testsuite hostname="DESKTOP-5P3DPUL" failures="0" tests="5" name="com.crm.practice.assertDataProviderwithHardcoding" time="0.020" errors="0" timestamp="2022-04-06T17:22:37 IST" skipped="0">
  <testcase classname="com.crm.practice.assertDataProviderwithHardcoding" name="dataprovider_company" time="0.001"/>
  <system-out/>
  <testcase classname="com.crm.practice.assertDataProviderwithHardcoding" name="dataprovider_company" time="0.002"/>
  <system-out/>
  <testcase classname="com.crm.practice.assertDataProviderwithHardcoding" name="dataprovider_company" time="0.001"/>
  <system-out/>
  <testcase classname="com.crm.practice.assertDataProviderwithHardcoding" name="dataprovider_company" time="0.003"/>
  <system-out/>
  <testcase classname="com.crm.practice.assertDataProviderwithHardcoding" name="dataprovider_company" time="0.013"/>
  <system-out/>
</testsuite> <!-- com.crm.practice.assertDataProviderwithHardcoding -->
