<?xml version="1.0" encoding="UTF-8"?>
<!-- Generated by org.testng.reporters.JUnitReportReporter -->
<testsuite hostname="DESKTOP-5P3DPUL" failures="0" tests="15" name="com.crm.practice.AssertDataProviderwithExcel" time="0.011" errors="0" timestamp="2022-04-06T17:22:37 IST" skipped="0">
  <testcase classname="com.crm.practice.AssertDataProviderwithExcel" name="dataprovider_usernamepassword" time="0.001"/>
  <system-out/>
  <testcase classname="com.crm.practice.AssertDataProviderwithExcel" name="dataprovider_usernamepassword" time="0.001"/>
  <system-out/>
  <testcase classname="com.crm.practice.AssertDataProviderwithExcel" name="dataprovider_usernamepassword" time="0.001"/>
  <system-out/>
  <testcase classname="com.crm.practice.AssertDataProviderwithExcel" name="dataprovider_usernamepassword" time="0.001"/>
  <system-out/>
  <testcase classname="com.crm.practice.AssertDataProviderwithExcel" name="dataprovider_usernamepassword" time="0.000"/>
  <system-out/>
  <testcase classname="com.crm.practice.AssertDataProviderwithExcel" name="dataprovider_usernamepassword" time="0.001"/>
  <system-out/>
  <testcase classname="com.crm.practice.AssertDataProviderwithExcel" name="dataprovider_usernamepassword" time="0.001"/>
  <system-out/>
  <testcase classname="com.crm.practice.AssertDataProviderwithExcel" name="dataprovider_usernamepassword" time="0.001"/>
  <system-out/>
  <testcase classname="com.crm.practice.AssertDataProviderwithExcel" name="dataprovider_usernamepassword" time="0.001"/>
  <system-out/>
  <testcase classname="com.crm.practice.AssertDataProviderwithExcel" name="dataprovider_usernamepassword" time="0.000"/>
  <system-out/>
  <testcase classname="com.crm.practice.AssertDataProviderwithExcel" name="dataprovider_usernamepassword" time="0.001"/>
  <system-out/>
  <testcase classname="com.crm.practice.AssertDataProviderwithExcel" name="dataprovider_usernamepassword" time="0.000"/>
  <system-out/>
  <testcase classname="com.crm.practice.AssertDataProviderwithExcel" name="dataprovider_usernamepassword" time="0.001"/>
  <system-out/>
  <testcase classname="com.crm.practice.AssertDataProviderwithExcel" name="dataprovider_usernamepassword" time="0.000"/>
  <system-out/>
  <testcase classname="com.crm.practice.AssertDataProviderwithExcel" name="dataprovider_usernamepassword" time="0.001"/>
  <system-out/>
</testsuite> <!-- com.crm.practice.AssertDataProviderwithExcel -->
