<?xml version="1.0" encoding="UTF-8"?>
<!-- Generated by org.testng.reporters.JUnitReportReporter -->
<testsuite hostname="DESKTOP-5P3DPUL" failures="0" tests="1" name="com.crm.practice.Assertpractice" time="0.036" errors="0" timestamp="2022-04-07T12:45:02 IST" skipped="0">
  <testcase classname="com.crm.practice.Assertpractice" name="practice4" time="0.036"/>
  <system-out>
    <![CDATA[will it get printed?]]>
  </system-out>
</testsuite> <!-- com.crm.practice.Assertpractice -->
