<?xml version="1.0" encoding="UTF-8"?>
<!-- Generated by org.testng.reporters.JUnitReportReporter -->
<testsuite hostname="DESKTOP-5P3DPUL" failures="0" tests="1" name="com.crm.practice.TestNGPractice" time="0.009" errors="0" timestamp="2022-04-05T12:24:47 IST" skipped="0">
  <testcase classname="com.crm.practice.TestNGPractice" name="test" time="0.009"/>
  <system-out>
    <![CDATA[Hi]]>
  </system-out>
</testsuite> <!-- com.crm.practice.TestNGPractice -->
