<?xml version="1.0" encoding="UTF-8"?>
<!-- Generated by org.testng.reporters.JUnitReportReporter -->
<testsuite hostname="DESKTOP-5P3DPUL" failures="0" tests="3" name="com.crm.practice.TestNGPracticeTest" time="0.002" errors="0" timestamp="2022-04-06T17:22:37 IST" skipped="0">
  <testcase classname="com.crm.practice.TestNGPracticeTest" name="testNGPracticeTest1" time="0.001"/>
  <system-out>
    <![CDATA[Hello]]>
  </system-out>
  <testcase classname="com.crm.practice.TestNGPracticeTest" name="testNGPracticeTest2" time="0.001"/>
  <system-out>
    <![CDATA[Fine]]>
  </system-out>
  <testcase classname="com.crm.practice.TestNGPracticeTest" name="testNGPracticeTest" time="0.000"/>
  <system-out>
    <![CDATA[Hi]]>
  </system-out>
</testsuite> <!-- com.crm.practice.TestNGPracticeTest -->
