<?xml version="1.0" encoding="UTF-8"?>
<!-- Generated by org.testng.reporters.JUnitReportReporter -->
<testsuite hostname="DESKTOP-5P3DPUL" failures="0" tests="5" name="com.crm.practice.Assert" time="0.009" errors="0" timestamp="2022-04-06T12:22:26 IST" skipped="0">
  <testcase classname="com.crm.practice.Assert" name="dataprovider_company" time="0.001"/>
  <system-out/>
  <testcase classname="com.crm.practice.Assert" name="dataprovider_company" time="0.006"/>
  <system-out/>
  <testcase classname="com.crm.practice.Assert" name="dataprovider_company" time="0.001"/>
  <system-out/>
  <testcase classname="com.crm.practice.Assert" name="dataprovider_company" time="0.000"/>
  <system-out/>
  <testcase classname="com.crm.practice.Assert" name="dataprovider_company" time="0.001"/>
  <system-out/>
</testsuite> <!-- com.crm.practice.Assert -->
