<?xml version="1.0" encoding="UTF-8"?>
<!-- Generated by org.testng.reporters.JUnitReportReporter -->
<testsuite hostname="DESKTOP-5P3DPUL" failures="0" tests="4" name="com.crm.practice.BatchExecution" time="0.004" errors="0" timestamp="2022-04-06T17:22:37 IST" skipped="0">
  <testcase classname="com.crm.practice.BatchExecution" name="testNGPracticeTest2" time="0.001"/>
  <system-out>
    <![CDATA[TestNGPractice Test2]]>
  </system-out>
  <testcase classname="com.crm.practice.BatchExecution" name="testNGPracticeTest3" time="0.001"/>
  <system-out>
    <![CDATA[TestNGPractice Test3]]>
  </system-out>
  <testcase classname="com.crm.practice.BatchExecution" name="testNGPracticeTest1" time="0.001"/>
  <system-out>
    <![CDATA[TestNGPractice Test1]]>
  </system-out>
  <testcase classname="com.crm.practice.BatchExecution" name="testNGPracticeTest" time="0.001"/>
  <system-out>
    <![CDATA[TestNGPractice Test]]>
  </system-out>
</testsuite> <!-- com.crm.practice.BatchExecution -->
