<?xml version="1.0" encoding="UTF-8"?>
<!-- Generated by org.testng.reporters.JUnitReportReporter -->
<testsuite hostname="DESKTOP-5P3DPUL" failures="0" tests="1" name="com.crm.practice.Hi" time="24.936" errors="0" timestamp="2022-04-06T10:45:32 IST" skipped="0">
  <testcase classname="com.crm.practice.Hi" name="hi" time="24.936"/>
  <system-out/>
</testsuite> <!-- com.crm.practice.Hi -->
